app/build/intermediates/manifest_merge_blame_file/civDebug/manifest-merger-blame-civ-debug-report.txt
1<?xml version="1.0" encoding="utf-8"?>
2<manifest xmlns:android="http://schemas.android.com/apk/res/android"
3    package="com.gotak.address.plugin"
4    android:versionCode="1767527189"
5    android:versionName="1.0.4 (90bc4e7d) - [5.2.0]" >
6
7    <uses-sdk
8        android:minSdkVersion="21"
8-->src\main\AndroidManifest.xml
9        android:targetSdkVersion="34" />
9-->src\main\AndroidManifest.xml
10
11    <!-- USB Host feature for RIDAR device communication -->
12    <uses-feature
12-->src\main\AndroidManifest.xml:7:5-87
13        android:name="android.hardware.usb.host"
13-->src\main\AndroidManifest.xml:7:19-59
14        android:required="false" />
14-->src\main\AndroidManifest.xml:7:60-84
15
16    <!-- Bluetooth permissions for wireless RIDAR connection and EUD BLE scanning -->
17    <uses-feature
17-->src\main\AndroidManifest.xml:10:5-88
18        android:name="android.hardware.bluetooth"
18-->src\main\AndroidManifest.xml:10:19-60
19        android:required="false" />
19-->src\main\AndroidManifest.xml:10:61-85
20    <uses-feature
20-->src\main\AndroidManifest.xml:11:5-91
21        android:name="android.hardware.bluetooth_le"
21-->src\main\AndroidManifest.xml:11:19-63
22        android:required="false" />
22-->src\main\AndroidManifest.xml:11:64-88
23
24    <uses-permission
24-->src\main\AndroidManifest.xml:12:5-95
25        android:name="android.permission.BLUETOOTH"
25-->src\main\AndroidManifest.xml:12:22-65
26        android:maxSdkVersion="30" />
26-->src\main\AndroidManifest.xml:12:66-92
27    <uses-permission
27-->src\main\AndroidManifest.xml:13:5-101
28        android:name="android.permission.BLUETOOTH_ADMIN"
28-->src\main\AndroidManifest.xml:13:22-71
29        android:maxSdkVersion="30" />
29-->src\main\AndroidManifest.xml:13:72-98
30    <!-- Android 12+ Bluetooth permissions - need location for Remote ID drone detection -->
31    <uses-permission android:name="android.permission.BLUETOOTH_CONNECT" />
31-->src\main\AndroidManifest.xml:15:5-76
31-->src\main\AndroidManifest.xml:15:22-73
32    <uses-permission android:name="android.permission.BLUETOOTH_SCAN" />
32-->src\main\AndroidManifest.xml:16:5-93
32-->src\main\AndroidManifest.xml:16:22-70
33
34    <!-- WiFi permissions for EUD Remote ID WiFi Beacon scanning -->
35    <uses-permission android:name="android.permission.ACCESS_WIFI_STATE" />
35-->src\main\AndroidManifest.xml:19:5-76
35-->src\main\AndroidManifest.xml:19:22-73
36    <uses-permission android:name="android.permission.CHANGE_WIFI_STATE" />
36-->src\main\AndroidManifest.xml:20:5-76
36-->src\main\AndroidManifest.xml:20:22-73
37    <!-- Android 13+ WiFi Nearby permission - need location for Remote ID scanning -->
38    <uses-permission android:name="android.permission.NEARBY_WIFI_DEVICES" />
38-->src\main\AndroidManifest.xml:22:5-105
38-->src\main\AndroidManifest.xml:22:22-75
39
40    <!-- WiFi Aware (NaN) for EUD Remote ID scanning - optional feature -->
41    <uses-feature
41-->src\main\AndroidManifest.xml:25:5-89
42        android:name="android.hardware.wifi.aware"
42-->src\main\AndroidManifest.xml:25:19-61
43        android:required="false" />
43-->src\main\AndroidManifest.xml:25:62-86
44
45    <!-- Location permissions required for Remote ID drone detection -->
46    <uses-permission android:name="android.permission.ACCESS_FINE_LOCATION" />
46-->src\main\AndroidManifest.xml:28:5-79
46-->src\main\AndroidManifest.xml:28:22-76
47    <uses-permission android:name="android.permission.ACCESS_COARSE_LOCATION" />
47-->src\main\AndroidManifest.xml:29:5-81
47-->src\main\AndroidManifest.xml:29:22-78
48
49    <!-- Internet permission for Nominatim geocoding API -->
50    <uses-permission android:name="android.permission.INTERNET" />
50-->src\main\AndroidManifest.xml:32:5-67
50-->src\main\AndroidManifest.xml:32:22-64
51
52    <!-- Storage permissions for importing offline address databases -->
53    <uses-permission
53-->src\main\AndroidManifest.xml:35:5-36:38
54        android:name="android.permission.READ_EXTERNAL_STORAGE"
54-->src\main\AndroidManifest.xml:35:22-77
55        android:maxSdkVersion="32" />
55-->src\main\AndroidManifest.xml:36:9-35
56    <uses-permission
56-->src\main\AndroidManifest.xml:37:5-39:40
57        android:name="android.permission.WRITE_EXTERNAL_STORAGE"
57-->src\main\AndroidManifest.xml:37:22-78
58        android:maxSdkVersion="29" />
58-->src\main\AndroidManifest.xml:38:9-35
59
60    <application
60-->src\main\AndroidManifest.xml:41:5-71:19
61        android:allowBackup="false"
61-->src\main\AndroidManifest.xml:42:9-36
62        android:appComponentFactory="androidx.core.app.CoreComponentFactory"
62-->[androidx.core:core:1.3.2] AndroidManifest.xml:24:18-86
63        android:debuggable="true"
64        android:description="@string/app_desc"
64-->src\main\AndroidManifest.xml:45:9-47
65        android:extractNativeLibs="true"
65-->src\main\AndroidManifest.xml:46:9-41
66        android:icon="@drawable/ic_launcher"
66-->src\main\AndroidManifest.xml:43:9-45
67        android:label="@string/app_name"
67-->src\main\AndroidManifest.xml:44:9-41
68        android:theme="@style/AppTheme" >
68-->src\main\AndroidManifest.xml:47:9-40
69        <meta-data
70            android:name="plugin-api"
70-->src\main\AndroidManifest.xml:48:20-45
71            android:value="com.atakmap.app@5.2.0.CIV" />
71-->src\main\AndroidManifest.xml:48:46-79
72        <meta-data
72-->src\main\AndroidManifest.xml:49:9-78
73            android:name="app_desc"
73-->src\main\AndroidManifest.xml:49:20-43
74            android:value="@string/app_desc" />
74-->src\main\AndroidManifest.xml:49:44-76
75
76        <!--
77            This fictitious activity entry allow for ATAK 4.6.0.2 and newer to perform 
78            plugin discovery  android devices.  If this is removed, the plugin will 
79            not be able to be discovered or loaded.
80        -->
81        <activity
81-->src\main\AndroidManifest.xml:55:8-63:19
82            android:name="com.atakmap.app.component"
82-->src\main\AndroidManifest.xml:55:18-58
83            android:exported="true"
83-->src\main\AndroidManifest.xml:56:12-35
84            android:icon="@drawable/ic_launcher" >
84-->src\main\AndroidManifest.xml:57:12-48
85            <intent-filter
85-->src\main\AndroidManifest.xml:59:12-62:28
86                android:icon="@drawable/ic_launcher"
86-->src\main\AndroidManifest.xml:60:27-63
87                android:label="@string/app_name" >
87-->src\main\AndroidManifest.xml:59:27-59
88                <action android:name="com.atakmap.app.component" />
88-->src\main\AndroidManifest.xml:61:15-66
88-->src\main\AndroidManifest.xml:61:23-63
89            </intent-filter>
90        </activity>
91
92        <!--
93            Permission request activity for Android 13+ 
94            Must be exported=true since ATAK (different UID) launches this activity
95        -->
96        <activity
96-->src\main\AndroidManifest.xml:67:8-69:74
97            android:name="com.gotak.address.PluginPermissionActivity"
97-->src\main\AndroidManifest.xml:67:18-75
98            android:exported="true"
98-->src\main\AndroidManifest.xml:68:12-35
99            android:theme="@android:style/Theme.Translucent.NoTitleBar" />
99-->src\main\AndroidManifest.xml:69:12-71
100    </application>
101
102</manifest>